Using pre-set license
Built from '2020.3/staging' branch; Version is '2020.3.41f1 (7c19dc9acfda) revision 8133084'; Using compiler version '192528614'; Build Type 'Release'
OS: 'Windows 11  (10.0.22621) 64bit Core' Language: 'es' Physical Memory: 15792 MB
BatchMode: 1, IsHumanControllingUs: 0, StartBugReporterOnCrash: 0, Is64bit: 1, IsPro: 0

COMMAND LINE ARGUMENTS:
C:\Program Files\Unity\Hub\Editor\2020.3.41f1\Editor\Unity.exe
-adb2
-batchMode
-noUpm
-name
AssetImportWorker0
-projectPath
C:/Users/usuario/My project
-logFile
Logs/AssetImportWorker0.log
-srvPort
56711
Successfully changed project path to: C:/Users/usuario/My project
C:/Users/usuario/My project
Using Asset Import Pipeline V2.
Refreshing native plugins compatible for Editor in 46.91 ms, found 3 plugins.
Preloading 0 native plugins for Editor in 0.00 ms.
Initialize engine version: 2020.3.41f1 (7c19dc9acfda)
[Subsystems] Discovering subsystems at path C:/Program Files/Unity/Hub/Editor/2020.3.41f1/Editor/Data/Resources/UnitySubsystems
[Subsystems] Discovering subsystems at path C:/Users/usuario/My project/Assets
GfxDevice: creating device client; threaded=0
Direct3D:
    Version:  Direct3D 11.0 [level 11.1]
    Renderer: NVIDIA GeForce RTX 3050 Laptop GPU (ID=0x25a2)
    Vendor:   
    VRAM:     3991 MB
    Driver:   30.0.15.1278
Initialize mono
Mono path[0] = 'C:/Program Files/Unity/Hub/Editor/2020.3.41f1/Editor/Data/Managed'
Mono path[1] = 'C:/Program Files/Unity/Hub/Editor/2020.3.41f1/Editor/Data/MonoBleedingEdge/lib/mono/unityjit'
Mono config path = 'C:/Program Files/Unity/Hub/Editor/2020.3.41f1/Editor/Data/MonoBleedingEdge/etc'
Using monoOptions --debugger-agent=transport=dt_socket,embedding=1,server=y,suspend=n,address=127.0.0.1:56632
Begin MonoManager ReloadAssembly
Registering precompiled unity dll's ...
Register platform support module: C:/Program Files/Unity/Hub/Editor/2020.3.41f1/Editor/Data/PlaybackEngines/WindowsStandaloneSupport/UnityEditor.WindowsStandalone.Extensions.dll
Registered in 0.002338 seconds.
Native extension for WindowsStandalone target not found
Refreshing native plugins compatible for Editor in 44.17 ms, found 3 plugins.
Preloading 0 native plugins for Editor in 0.00 ms.
Mono: successfully reloaded assembly
- Completed reload, in  0.556 seconds
Domain Reload Profiling:
	ReloadAssembly (556ms)
		BeginReloadAssembly (70ms)
			ExecutionOrderSort (0ms)
			DisableScriptedObjects (0ms)
			BackupInstance (0ms)
			ReleaseScriptingObjects (0ms)
			CreateAndSetChildDomain (1ms)
		EndReloadAssembly (415ms)
			LoadAssemblies (66ms)
			RebuildTransferFunctionScriptingTraits (0ms)
			SetupTypeCache (128ms)
			ReleaseScriptCaches (0ms)
			RebuildScriptCaches (30ms)
			SetupLoadedEditorAssemblies (156ms)
				LogAssemblyErrors (0ms)
				InitializePlatformSupportModulesInManaged (4ms)
				SetLoadedEditorAssemblies (0ms)
				RefreshPlugins (44ms)
				BeforeProcessingInitializeOnLoad (8ms)
				ProcessInitializeOnLoadAttributes (74ms)
				ProcessInitializeOnLoadMethodAttributes (26ms)
				AfterProcessingInitializeOnLoad (0ms)
				EditorAssembliesLoaded (0ms)
			ExecutionOrderSort2 (0ms)
			AwakeInstancesAfterBackupRestoration (0ms)
Platform modules already initialized, skipping
Registering precompiled user dll's ...
Registered in 0.005279 seconds.
Begin MonoManager ReloadAssembly
Native extension for WindowsStandalone target not found
Refreshing native plugins compatible for Editor in 43.21 ms, found 3 plugins.
Preloading 0 native plugins for Editor in 0.00 ms.
Mono: successfully reloaded assembly
- Completed reload, in  1.005 seconds
Domain Reload Profiling:
	ReloadAssembly (1007ms)
		BeginReloadAssembly (136ms)
			ExecutionOrderSort (0ms)
			DisableScriptedObjects (4ms)
			BackupInstance (0ms)
			ReleaseScriptingObjects (0ms)
			CreateAndSetChildDomain (17ms)
		EndReloadAssembly (808ms)
			LoadAssemblies (106ms)
			RebuildTransferFunctionScriptingTraits (0ms)
			SetupTypeCache (258ms)
			ReleaseScriptCaches (1ms)
			RebuildScriptCaches (41ms)
			SetupLoadedEditorAssemblies (318ms)
				LogAssemblyErrors (0ms)
				InitializePlatformSupportModulesInManaged (3ms)
				SetLoadedEditorAssemblies (0ms)
				RefreshPlugins (43ms)
				BeforeProcessingInitializeOnLoad (65ms)
				ProcessInitializeOnLoadAttributes (175ms)
				ProcessInitializeOnLoadMethodAttributes (21ms)
				AfterProcessingInitializeOnLoad (10ms)
				EditorAssembliesLoaded (0ms)
			ExecutionOrderSort2 (0ms)
			AwakeInstancesAfterBackupRestoration (2ms)
Platform modules already initialized, skipping
========================================================================
Worker process is ready to serve import requests
Launched and connected shader compiler UnityShaderCompiler.exe after 0.05 seconds
Refreshing native plugins compatible for Editor in 0.54 ms, found 3 plugins.
Preloading 0 native plugins for Editor in 0.00 ms.
Unloading 2224 Unused Serialized files (Serialized files now loaded: 0)
System memory in use before: 97.5 MB.
System memory in use after: 97.4 MB.

Unloading 31 unused Assets to reduce memory usage. Loaded Objects now: 2658.
Total: 3.332800 ms (FindLiveObjects: 0.250900 ms CreateObjectMapping: 0.068300 ms MarkObjects: 2.877400 ms  DeleteObjects: 0.134900 ms)

AssetImportParameters requested are different than current active one (requested -> active):
  custom:framework-win-MediaFoundation: 216162199b28c13a410421893ffa2e32 -> 
  custom:video-decoder-ogg-theora: a1e56fd34408186e4bbccfd4996cb3dc -> 
  custom:container-muxer-webm: aa71ff27fc2769a1b78a27578f13a17b -> 
  custom:container-demuxer-webm: 4f35f7cbe854078d1ac9338744f61a02 -> 
  custom:container-demuxer-ogg: 62fdf1f143b41e24485cea50d1cbac27 -> 
  custom:video-encoder-webm-vp8: eb34c28f22e8b96e1ab97ce403110664 -> 
  custom:video-codec-MediaFoundation-h265: 746d11721c4dcdbdad8f713fa42b33f4 -> 
  custom:video-decoder-webm-vp8: 9c59270c3fd7afecdb556c50c9e8de78 -> 
  custom:audio-decoder-ogg-vorbis: bf7c407c2cedff20999df2af8eb42d56 -> 
  custom:audio-encoder-webm-vorbis: bf7c407c2cedff20999df2af8eb42d56 -> 
========================================================================
Received Import Request.
  path: Assets/Art/Tiles/FloorBricksToGrassSquare_7 1.asset
  artifactKey: Guid(cc3abd456ef262f4a89cb3ba8ce60a0c) Importer(815301076,1909f56bfc062723c751e8b465ee728b)
Start importing Assets/Art/Tiles/FloorBricksToGrassSquare_7 1.asset using Guid(cc3abd456ef262f4a89cb3ba8ce60a0c) Importer(815301076,1909f56bfc062723c751e8b465ee728b)  -> (artifact id: '1946a13a7e247d859f2e1a3309986bfc') in 0.081458 seconds 
========================================================================
Received Import Request.
  Time since last request: 0.000340 seconds.
  path: Assets/Art/Tiles/New Palette 1.prefab
  artifactKey: Guid(9c535ee68dc26264e98d9e01714fbf68) Importer(815301076,1909f56bfc062723c751e8b465ee728b)
Start importing Assets/Art/Tiles/New Palette 1.prefab using Guid(9c535ee68dc26264e98d9e01714fbf68) Importer(815301076,1909f56bfc062723c751e8b465ee728b)  -> (artifact id: '2ae3ee093378c1a185a948a99a40c158') in 0.050031 seconds 
========================================================================
Received Import Request.
  Time since last request: 0.000292 seconds.
  path: Assets/Art/Tiles/FloorBricksToGrassSquare 1.png
  artifactKey: Guid(f9233b96bddd6d54b81632010c2b2bb1) Importer(815301076,1909f56bfc062723c751e8b465ee728b)
Start importing Assets/Art/Tiles/FloorBricksToGrassSquare 1.png using Guid(f9233b96bddd6d54b81632010c2b2bb1) Importer(815301076,1909f56bfc062723c751e8b465ee728b)  -> (artifact id: 'de39712abb53a2cdbb52ab90d5a23978') in 0.051721 seconds 
========================================================================
Received Import Request.
  Time since last request: 0.000249 seconds.
  path: Assets/Art/Tiles/FloorBricksToGrassSquare_2 1.asset
  artifactKey: Guid(579e614d19df7ff4781d991775184054) Importer(815301076,1909f56bfc062723c751e8b465ee728b)
Start importing Assets/Art/Tiles/FloorBricksToGrassSquare_2 1.asset using Guid(579e614d19df7ff4781d991775184054) Importer(815301076,1909f56bfc062723c751e8b465ee728b)  -> (artifact id: '8843a981b2cc3cb2cbd82dae146e0689') in 0.010129 seconds 
========================================================================
Received Import Request.
  Time since last request: 0.000273 seconds.
  path: Assets/Art/Tiles/FloorBricksToGrassSquare_8 1.asset
  artifactKey: Guid(2aff49c38fe86f14c81419c8fa29d67b) Importer(815301076,1909f56bfc062723c751e8b465ee728b)
Start importing Assets/Art/Tiles/FloorBricksToGrassSquare_8 1.asset using Guid(2aff49c38fe86f14c81419c8fa29d67b) Importer(815301076,1909f56bfc062723c751e8b465ee728b)  -> (artifact id: '15b45c0700abe392206ccde92a446629') in 0.012792 seconds 
========================================================================
Received Import Request.
  Time since last request: 0.000451 seconds.
  path: Assets/Art/Tiles/FloorBricksToGrassSquare_1 1.asset
  artifactKey: Guid(057cecf5fbd515a4fa2bf85fa386f624) Importer(815301076,1909f56bfc062723c751e8b465ee728b)
Start importing Assets/Art/Tiles/FloorBricksToGrassSquare_1 1.asset using Guid(057cecf5fbd515a4fa2bf85fa386f624) Importer(815301076,1909f56bfc062723c751e8b465ee728b)  -> (artifact id: '3757d83ab671b73ac83ec191cd86cc4c') in 0.010090 seconds 
========================================================================
Received Import Request.
  Time since last request: 0.000403 seconds.
  path: Assets/Art/Tiles/FloorBricksToGrassSquare_5 1.asset
  artifactKey: Guid(03a79dda0418a3d478256d1cd83438e8) Importer(815301076,1909f56bfc062723c751e8b465ee728b)
Start importing Assets/Art/Tiles/FloorBricksToGrassSquare_5 1.asset using Guid(03a79dda0418a3d478256d1cd83438e8) Importer(815301076,1909f56bfc062723c751e8b465ee728b)  -> (artifact id: 'ca0838c13f65403f69823d101ed16e00') in 0.010032 seconds 
========================================================================
Received Import Request.
  Time since last request: 0.000491 seconds.
  path: Assets/Art/Tiles/FloorBricksToGrassSquare_3 1.asset
  artifactKey: Guid(cc06783f42b338b4b9885e8a1c36545b) Importer(815301076,1909f56bfc062723c751e8b465ee728b)
Start importing Assets/Art/Tiles/FloorBricksToGrassSquare_3 1.asset using Guid(cc06783f42b338b4b9885e8a1c36545b) Importer(815301076,1909f56bfc062723c751e8b465ee728b)  -> (artifact id: '6382a74472ccca699a136c13f2d443e3') in 0.015135 seconds 
========================================================================
Received Import Request.
  Time since last request: 0.000343 seconds.
  path: Assets/Art/Tiles/FloorBricksToGrassSquare_6 1.asset
  artifactKey: Guid(556cf601d38b59f4cb2513c7776bcbdc) Importer(815301076,1909f56bfc062723c751e8b465ee728b)
Start importing Assets/Art/Tiles/FloorBricksToGrassSquare_6 1.asset using Guid(556cf601d38b59f4cb2513c7776bcbdc) Importer(815301076,1909f56bfc062723c751e8b465ee728b)  -> (artifact id: '2f0ddd30ee692d8e9553c4094711eb63') in 0.011955 seconds 
========================================================================
Received Import Request.
  Time since last request: 0.000311 seconds.
  path: Assets/Art/Tiles/FloorBricksToGrassSquare_4 1.asset
  artifactKey: Guid(98eb41ea1de867448a8ec8fb7fe86a55) Importer(815301076,1909f56bfc062723c751e8b465ee728b)
Start importing Assets/Art/Tiles/FloorBricksToGrassSquare_4 1.asset using Guid(98eb41ea1de867448a8ec8fb7fe86a55) Importer(815301076,1909f56bfc062723c751e8b465ee728b)  -> (artifact id: '548188aa77d8b1706ca4d6108ab4cb8c') in 0.009463 seconds 
========================================================================
Received Import Request.
  Time since last request: 6.841915 seconds.
  path: Assets/Art/Tiles/FloorBricksToGrassSquare_5 1.asset
  artifactKey: Guid(03a79dda0418a3d478256d1cd83438e8) Importer(815301076,1909f56bfc062723c751e8b465ee728b)
Start importing Assets/Art/Tiles/FloorBricksToGrassSquare_5 1.asset using Guid(03a79dda0418a3d478256d1cd83438e8) Importer(815301076,1909f56bfc062723c751e8b465ee728b)  -> (artifact id: '3e4cead9e2d8bba8343d9fafeafcc1da') in 0.005713 seconds 
========================================================================
Received Import Request.
  Time since last request: 2.905777 seconds.
  path: Assets/Art/Tiles/FloorBricksToGrassSquare_0.asset
  artifactKey: Guid(59aa38c3c68af7b48832b4cdfac10bce) Importer(815301076,1909f56bfc062723c751e8b465ee728b)
Start importing Assets/Art/Tiles/FloorBricksToGrassSquare_0.asset using Guid(59aa38c3c68af7b48832b4cdfac10bce) Importer(815301076,1909f56bfc062723c751e8b465ee728b)  -> (artifact id: 'b1cd326bf09e5b114d5250fbcbada222') in 0.005050 seconds 
========================================================================
Received Import Request.
  Time since last request: 57.801910 seconds.
  path: Assets/Art/Sprites/Environmnent/New Palette.prefab
  artifactKey: Guid(465c69eeb9159df4ab7024e5397fa657) Importer(815301076,1909f56bfc062723c751e8b465ee728b)
Start importing Assets/Art/Sprites/Environmnent/New Palette.prefab using Guid(465c69eeb9159df4ab7024e5397fa657) Importer(815301076,1909f56bfc062723c751e8b465ee728b)  -> (artifact id: 'fe45f1ef771e304f657ef9d581d7ab30') in 0.016325 seconds 
========================================================================
Received Import Request.
  Time since last request: 19.482816 seconds.
  path: Assets/Art/Sprites/Environmnent/FloorBricksToGrassSquare.png
  artifactKey: Guid(f44950bd96296c549bd37c31595f2aae) Importer(815301076,1909f56bfc062723c751e8b465ee728b)
Start importing Assets/Art/Sprites/Environmnent/FloorBricksToGrassSquare.png using Guid(f44950bd96296c549bd37c31595f2aae) Importer(815301076,1909f56bfc062723c751e8b465ee728b)  -> (artifact id: 'f329b4e2dc7b1189e18fa26e735437be') in 0.009668 seconds 
========================================================================
Received Import Request.
  Time since last request: 99.321629 seconds.
  path: Assets/Art/Tiles/FirstTile.prefab
  artifactKey: Guid(918ef588dfdf9274eaad6a760d324185) Importer(815301076,1909f56bfc062723c751e8b465ee728b)
Start importing Assets/Art/Tiles/FirstTile.prefab using Guid(918ef588dfdf9274eaad6a760d324185) Importer(815301076,1909f56bfc062723c751e8b465ee728b)  -> (artifact id: '273d00d7e168887f84e5a10a8f15e6d1') in 0.012506 seconds 
========================================================================
Received Import Request.
  Time since last request: 120.770304 seconds.
  path: Assets/Art/Tiles/FloorBricksToGrassSquare.png
  artifactKey: Guid(6d9e0d91497b73b40ade6e74f0950668) Importer(815301076,1909f56bfc062723c751e8b465ee728b)
Start importing Assets/Art/Tiles/FloorBricksToGrassSquare.png using Guid(6d9e0d91497b73b40ade6e74f0950668) Importer(815301076,1909f56bfc062723c751e8b465ee728b)  -> (artifact id: '82853eb0d36bcdccababa92471c8c688') in 0.012696 seconds 
========================================================================
Received Import Request.
  Time since last request: 130.794517 seconds.
  path: Assets/Art/Tiles/New Terrain Layer.terrainlayer
  artifactKey: Guid(4e57a64a99f9b5a4b98126f2a581b3b0) Importer(815301076,1909f56bfc062723c751e8b465ee728b)
Start importing Assets/Art/Tiles/New Terrain Layer.terrainlayer using Guid(4e57a64a99f9b5a4b98126f2a581b3b0) Importer(815301076,1909f56bfc062723c751e8b465ee728b)  -> (artifact id: 'ce7ad1dbbcd98ee9062c6a442282ca33') in 0.013540 seconds 
========================================================================
Received Import Request.
  Time since last request: 24.213543 seconds.
  path: Assets/Art/Tiles/FirsTile.prefab
  artifactKey: Guid(ee5e09fcc73283b47a66a53752503afc) Importer(815301076,1909f56bfc062723c751e8b465ee728b)
Start importing Assets/Art/Tiles/FirsTile.prefab using Guid(ee5e09fcc73283b47a66a53752503afc) Importer(815301076,1909f56bfc062723c751e8b465ee728b)  -> (artifact id: 'e059150f720ed2a85ca2459752ffac2d') in 0.012060 seconds 
========================================================================
Received Import Request.
  Time since last request: 287.800697 seconds.
  path: Assets/Art/Tiles/GamePalette.prefab
  artifactKey: Guid(efddfab4fcc1a7e45ab2795f0af86e66) Importer(815301076,1909f56bfc062723c751e8b465ee728b)
Start importing Assets/Art/Tiles/GamePalette.prefab using Guid(efddfab4fcc1a7e45ab2795f0af86e66) Importer(815301076,1909f56bfc062723c751e8b465ee728b)  -> (artifact id: 'bca03f1198980de3b8267072567bc8a3') in 0.014147 seconds 
========================================================================
Received Import Request.
  Time since last request: 135.351014 seconds.
  path: Assets/Art/Tiles/FloorBricksToGrassSquare.png
  artifactKey: Guid(6d9e0d91497b73b40ade6e74f0950668) Importer(815301076,1909f56bfc062723c751e8b465ee728b)
Start importing Assets/Art/Tiles/FloorBricksToGrassSquare.png using Guid(6d9e0d91497b73b40ade6e74f0950668) Importer(815301076,1909f56bfc062723c751e8b465ee728b)  -> (artifact id: '31e90d6bcafb84c197dfb01db9db54cd') in 0.011090 seconds 
========================================================================
Received Import Request.
  Time since last request: 20.925335 seconds.
  path: Assets/Art/Tiles/FloorBricksToGrassSquare.png
  artifactKey: Guid(6d9e0d91497b73b40ade6e74f0950668) Importer(815301076,1909f56bfc062723c751e8b465ee728b)
Start importing Assets/Art/Tiles/FloorBricksToGrassSquare.png using Guid(6d9e0d91497b73b40ade6e74f0950668) Importer(815301076,1909f56bfc062723c751e8b465ee728b)  -> (artifact id: 'fcc09aff692d68d2f11ebaf335438b15') in 0.035501 seconds 
========================================================================
Received Import Request.
  Time since last request: 127.262236 seconds.
  path: Assets/Art/Tiles/FloorBricksToGrassSquare.png
  artifactKey: Guid(6d9e0d91497b73b40ade6e74f0950668) Importer(815301076,1909f56bfc062723c751e8b465ee728b)
Start importing Assets/Art/Tiles/FloorBricksToGrassSquare.png using Guid(6d9e0d91497b73b40ade6e74f0950668) Importer(815301076,1909f56bfc062723c751e8b465ee728b)  -> (artifact id: 'd78d5ce166c0aa309be09f5f333f020b') in 0.034632 seconds 
========================================================================
Received Import Request.
  Time since last request: 33.444547 seconds.
  path: Assets/Art/Tiles/FloorBricksToGrassSquare.png
  artifactKey: Guid(6d9e0d91497b73b40ade6e74f0950668) Importer(815301076,1909f56bfc062723c751e8b465ee728b)
Start importing Assets/Art/Tiles/FloorBricksToGrassSquare.png using Guid(6d9e0d91497b73b40ade6e74f0950668) Importer(815301076,1909f56bfc062723c751e8b465ee728b)  -> (artifact id: 'de6ad4a1a3243fcd00cdede69eb67d7c') in 0.040522 seconds 
========================================================================
Received Import Request.
  Time since last request: 47.296768 seconds.
  path: Assets/Art/Tiles/FloorBricksToGrassSquare_1.asset
  artifactKey: Guid(a76de874ed5400c479179339272a6969) Importer(815301076,1909f56bfc062723c751e8b465ee728b)
Start importing Assets/Art/Tiles/FloorBricksToGrassSquare_1.asset using Guid(a76de874ed5400c479179339272a6969) Importer(815301076,1909f56bfc062723c751e8b465ee728b)  -> (artifact id: '0d5b5d12d4222ef0578065cfa88ea2f7') in 0.009722 seconds 
========================================================================
Received Import Request.
  Time since last request: 0.000317 seconds.
  path: Assets/Art/Tiles/GamePalette.prefab
  artifactKey: Guid(efddfab4fcc1a7e45ab2795f0af86e66) Importer(815301076,1909f56bfc062723c751e8b465ee728b)
Start importing Assets/Art/Tiles/GamePalette.prefab using Guid(efddfab4fcc1a7e45ab2795f0af86e66) Importer(815301076,1909f56bfc062723c751e8b465ee728b)  -> (artifact id: 'bd6e41149815fe0abaebfd750862b03a') in 0.020154 seconds 
========================================================================
Received Import Request.
  Time since last request: 0.000276 seconds.
  path: Assets/Art/Tiles/FloorBricksToGrassSquare_8.asset
  artifactKey: Guid(b7ec3bc24ca7d3e4486c8f428c29606e) Importer(815301076,1909f56bfc062723c751e8b465ee728b)
Start importing Assets/Art/Tiles/FloorBricksToGrassSquare_8.asset using Guid(b7ec3bc24ca7d3e4486c8f428c29606e) Importer(815301076,1909f56bfc062723c751e8b465ee728b)  -> (artifact id: '3e1249a5c29df3356a9c5ab4df8792bb') in 0.009348 seconds 
========================================================================
Received Import Request.
  Time since last request: 0.000335 seconds.
  path: Assets/Art/Tiles/FloorBricksToGrassSquare_4.asset
  artifactKey: Guid(0a416bd1254f11943b68173d20b89bfb) Importer(815301076,1909f56bfc062723c751e8b465ee728b)
Start importing Assets/Art/Tiles/FloorBricksToGrassSquare_4.asset using Guid(0a416bd1254f11943b68173d20b89bfb) Importer(815301076,1909f56bfc062723c751e8b465ee728b)  -> (artifact id: 'f4f16085bdf30577687106e18f49cdf1') in 0.011566 seconds 
========================================================================
Received Import Request.
  Time since last request: 0.000315 seconds.
  path: Assets/Art/Tiles/FloorBricksToGrassSquare_6.asset
  artifactKey: Guid(51d20f264ebcead4685d7aaa6224b92c) Importer(815301076,1909f56bfc062723c751e8b465ee728b)
Start importing Assets/Art/Tiles/FloorBricksToGrassSquare_6.asset using Guid(51d20f264ebcead4685d7aaa6224b92c) Importer(815301076,1909f56bfc062723c751e8b465ee728b)  -> (artifact id: 'c86fd66435afc12381373e3be9aef2ad') in 0.010696 seconds 
========================================================================
Received Import Request.
  Time since last request: 0.000243 seconds.
  path: Assets/Art/Tiles/FloorBricksToGrassSquare_5.asset
  artifactKey: Guid(cadbf54bf2ae1394184897dad0a7f00d) Importer(815301076,1909f56bfc062723c751e8b465ee728b)
Start importing Assets/Art/Tiles/FloorBricksToGrassSquare_5.asset using Guid(cadbf54bf2ae1394184897dad0a7f00d) Importer(815301076,1909f56bfc062723c751e8b465ee728b)  -> (artifact id: 'f7cddbcc914a48f7f595c4c78c398ef8') in 0.011193 seconds 
========================================================================
Received Import Request.
  Time since last request: 0.000237 seconds.
  path: Assets/Art/Tiles/FloorBricksToGrassSquare_2.asset
  artifactKey: Guid(69dc6693c538b7e4486a8a99f0f33501) Importer(815301076,1909f56bfc062723c751e8b465ee728b)
Start importing Assets/Art/Tiles/FloorBricksToGrassSquare_2.asset using Guid(69dc6693c538b7e4486a8a99f0f33501) Importer(815301076,1909f56bfc062723c751e8b465ee728b)  -> (artifact id: '83479d5143a8ac97d70de854dad2a8bf') in 0.012135 seconds 
========================================================================
Received Import Request.
  Time since last request: 0.000389 seconds.
  path: Assets/Art/Tiles/FloorBricksToGrassSquare_3.asset
  artifactKey: Guid(077e1ffb47fe4f0419bd5d1070935276) Importer(815301076,1909f56bfc062723c751e8b465ee728b)
Start importing Assets/Art/Tiles/FloorBricksToGrassSquare_3.asset using Guid(077e1ffb47fe4f0419bd5d1070935276) Importer(815301076,1909f56bfc062723c751e8b465ee728b)  -> (artifact id: '1ba03746a0a73fe5198c340a5ae92e86') in 0.012273 seconds 
========================================================================
Received Import Request.
  Time since last request: 0.000216 seconds.
  path: Assets/Art/Tiles/FloorBricksToGrassSquare_7.asset
  artifactKey: Guid(e1670dc2c0ca5514198fbcf6775484db) Importer(815301076,1909f56bfc062723c751e8b465ee728b)
Start importing Assets/Art/Tiles/FloorBricksToGrassSquare_7.asset using Guid(e1670dc2c0ca5514198fbcf6775484db) Importer(815301076,1909f56bfc062723c751e8b465ee728b)  -> (artifact id: '1a572d568cefef9b76bd69e7e14fc14b') in 0.011715 seconds 
========================================================================
Received Import Request.
  Time since last request: 49.797845 seconds.
  path: Assets/Art/Tiles/FloorBricksToGrassSquare 1.png
  artifactKey: Guid(f9233b96bddd6d54b81632010c2b2bb1) Importer(815301076,1909f56bfc062723c751e8b465ee728b)
Start importing Assets/Art/Tiles/FloorBricksToGrassSquare 1.png using Guid(f9233b96bddd6d54b81632010c2b2bb1) Importer(815301076,1909f56bfc062723c751e8b465ee728b)  -> (artifact id: '55092f8121756876240355fec0a926f4') in 0.010055 seconds 
========================================================================
Received Import Request.
  Time since last request: 63.805123 seconds.
  path: Assets/Art/Tiles/FloorBricksToGrassSquare 1.png
  artifactKey: Guid(f9233b96bddd6d54b81632010c2b2bb1) Importer(815301076,1909f56bfc062723c751e8b465ee728b)
Start importing Assets/Art/Tiles/FloorBricksToGrassSquare 1.png using Guid(f9233b96bddd6d54b81632010c2b2bb1) Importer(815301076,1909f56bfc062723c751e8b465ee728b)  -> (artifact id: '0aca17062b5b30c578698b10ee0bb352') in 0.010083 seconds 
========================================================================
Received Import Request.
  Time since last request: 56.986220 seconds.
  path: Packages/com.unity.2d.tilemap/Editor/Unity.2D.Tilemap.Editor.asmdef
  artifactKey: Guid(3a9781db4804a9945b9883f3a7c46d45) Importer(815301076,1909f56bfc062723c751e8b465ee728b)
Start importing Packages/com.unity.2d.tilemap/Editor/Unity.2D.Tilemap.Editor.asmdef using Guid(3a9781db4804a9945b9883f3a7c46d45) Importer(815301076,1909f56bfc062723c751e8b465ee728b)  -> (artifact id: '86df9f85098986b5c3bc9f164a1f4748') in 0.006392 seconds 
========================================================================
Received Import Request.
  Time since last request: 15.408286 seconds.
  path: Packages/com.unity.2d.tilemap/package.json
  artifactKey: Guid(51797d68d3132bb419217a229e09fc47) Importer(815301076,1909f56bfc062723c751e8b465ee728b)
Start importing Packages/com.unity.2d.tilemap/package.json using Guid(51797d68d3132bb419217a229e09fc47) Importer(815301076,1909f56bfc062723c751e8b465ee728b)  -> (artifact id: '22520fb1654722663eb25abdaed23609') in 0.015994 seconds 
========================================================================
Received Import Request.
  Time since last request: 13.140289 seconds.
  path: Assets/Art/Tiles/FloorBricksToGrassSquare_7 1.asset
  artifactKey: Guid(f9668fd9ab0ab614c9e5a34d124f1a91) Importer(815301076,1909f56bfc062723c751e8b465ee728b)
Start importing Assets/Art/Tiles/FloorBricksToGrassSquare_7 1.asset using Guid(f9668fd9ab0ab614c9e5a34d124f1a91) Importer(815301076,1909f56bfc062723c751e8b465ee728b)  -> (artifact id: 'bdd1ae1ced1c4ec114e7a21e262ee57b') in 0.011957 seconds 
========================================================================
Received Import Request.
  Time since last request: 0.000347 seconds.
  path: Assets/Art/Tiles/GamePalette 1.prefab
  artifactKey: Guid(357dc0d3962dd34489779683aa6623c8) Importer(815301076,1909f56bfc062723c751e8b465ee728b)
Start importing Assets/Art/Tiles/GamePalette 1.prefab using Guid(357dc0d3962dd34489779683aa6623c8) Importer(815301076,1909f56bfc062723c751e8b465ee728b)  -> (artifact id: '513ea577e9e19f28d5303de7e3c769ed') in 0.017733 seconds 
========================================================================
Received Import Request.
  Time since last request: 0.000301 seconds.
  path: Assets/Art/Tiles/FloorBricksToGrassSquare_8 1.asset
  artifactKey: Guid(1a08899e17b031948a88b15d5b3f9d4f) Importer(815301076,1909f56bfc062723c751e8b465ee728b)
Start importing Assets/Art/Tiles/FloorBricksToGrassSquare_8 1.asset using Guid(1a08899e17b031948a88b15d5b3f9d4f) Importer(815301076,1909f56bfc062723c751e8b465ee728b)  -> (artifact id: 'f6c318e0930c96e3fb45436263308c4d') in 0.009539 seconds 
========================================================================
Received Import Request.
  Time since last request: 185.260579 seconds.
  path: Assets/Art/Tiles/Tile.png
  artifactKey: Guid(46e0eca590c78124aa317a001a4bacfe) Importer(815301076,1909f56bfc062723c751e8b465ee728b)
Start importing Assets/Art/Tiles/Tile.png using Guid(46e0eca590c78124aa317a001a4bacfe) Importer(815301076,1909f56bfc062723c751e8b465ee728b)  -> (artifact id: '47d09e84a8f4e7b6a34c899e460e1f48') in 0.009782 seconds 
========================================================================
Received Import Request.
  Time since last request: 16.622772 seconds.
  path: Assets/Art/Tiles/Tile.png
  artifactKey: Guid(46e0eca590c78124aa317a001a4bacfe) Importer(815301076,1909f56bfc062723c751e8b465ee728b)
Start importing Assets/Art/Tiles/Tile.png using Guid(46e0eca590c78124aa317a001a4bacfe) Importer(815301076,1909f56bfc062723c751e8b465ee728b)  -> (artifact id: '99d53c48152fb1f3f318075ec585196b') in 0.009460 seconds 
========================================================================
Received Import Request.
  Time since last request: 12.951320 seconds.
  path: Assets/Art/Tiles/Tile.png
  artifactKey: Guid(46e0eca590c78124aa317a001a4bacfe) Importer(815301076,1909f56bfc062723c751e8b465ee728b)
Start importing Assets/Art/Tiles/Tile.png using Guid(46e0eca590c78124aa317a001a4bacfe) Importer(815301076,1909f56bfc062723c751e8b465ee728b)  -> (artifact id: '0b79065d08fa6e09452aa561d211d8f9') in 0.011197 seconds 
========================================================================
Received Import Request.
  Time since last request: 35.150427 seconds.
  path: Assets/Art/Tiles/Tile.asset
  artifactKey: Guid(7730f64f0a69bdd40995778a1779b76f) Importer(815301076,1909f56bfc062723c751e8b465ee728b)
Start importing Assets/Art/Tiles/Tile.asset using Guid(7730f64f0a69bdd40995778a1779b76f) Importer(815301076,1909f56bfc062723c751e8b465ee728b)  -> (artifact id: '9af1cce95d70a24c95fa0c790a12fa4e') in 0.009627 seconds 
========================================================================
Received Import Request.
  Time since last request: 61.968652 seconds.
  path: Assets/Art/Tiles/Tile.asset
  artifactKey: Guid(7730f64f0a69bdd40995778a1779b76f) Importer(815301076,1909f56bfc062723c751e8b465ee728b)
Start importing Assets/Art/Tiles/Tile.asset using Guid(7730f64f0a69bdd40995778a1779b76f) Importer(815301076,1909f56bfc062723c751e8b465ee728b)  -> (artifact id: '5582b41f51dfc4e0768281fbd3a2881c') in 0.008836 seconds 
========================================================================
Received Import Request.
  Time since last request: 0.000300 seconds.
  path: Assets/Art/Tiles/Tile.png
  artifactKey: Guid(46e0eca590c78124aa317a001a4bacfe) Importer(815301076,1909f56bfc062723c751e8b465ee728b)
Start importing Assets/Art/Tiles/Tile.png using Guid(46e0eca590c78124aa317a001a4bacfe) Importer(815301076,1909f56bfc062723c751e8b465ee728b)  -> (artifact id: '27c5f2041bdb24f72ad0c4a78ff14a9d') in 0.014285 seconds 
========================================================================
Received Prepare
Registering precompiled user dll's ...
Registered in 0.005636 seconds.
Begin MonoManager ReloadAssembly
Native extension for WindowsStandalone target not found
Refreshing native plugins compatible for Editor in 0.50 ms, found 3 plugins.
Preloading 0 native plugins for Editor in 0.00 ms.
Mono: successfully reloaded assembly
- Completed reload, in  0.904 seconds
Domain Reload Profiling:
	ReloadAssembly (904ms)
		BeginReloadAssembly (122ms)
			ExecutionOrderSort (0ms)
			DisableScriptedObjects (5ms)
			BackupInstance (0ms)
			ReleaseScriptingObjects (0ms)
			CreateAndSetChildDomain (37ms)
		EndReloadAssembly (720ms)
			LoadAssemblies (100ms)
			RebuildTransferFunctionScriptingTraits (0ms)
			SetupTypeCache (243ms)
			ReleaseScriptCaches (1ms)
			RebuildScriptCaches (37ms)
			SetupLoadedEditorAssemblies (271ms)
				LogAssemblyErrors (0ms)
				InitializePlatformSupportModulesInManaged (4ms)
				SetLoadedEditorAssemblies (0ms)
				RefreshPlugins (1ms)
				BeforeProcessingInitializeOnLoad (58ms)
				ProcessInitializeOnLoadAttributes (182ms)
				ProcessInitializeOnLoadMethodAttributes (16ms)
				AfterProcessingInitializeOnLoad (10ms)
				EditorAssembliesLoaded (0ms)
			ExecutionOrderSort2 (0ms)
			AwakeInstancesAfterBackupRestoration (5ms)
Platform modules already initialized, skipping
Refreshing native plugins compatible for Editor in 0.49 ms, found 3 plugins.
Preloading 0 native plugins for Editor in 0.00 ms.
Unloading 2219 Unused Serialized files (Serialized files now loaded: 0)
System memory in use before: 100.6 MB.
System memory in use after: 100.6 MB.

Unloading 20 unused Assets to reduce memory usage. Loaded Objects now: 2676.
Total: 3.009300 ms (FindLiveObjects: 0.237400 ms CreateObjectMapping: 0.078500 ms MarkObjects: 2.568900 ms  DeleteObjects: 0.123300 ms)

AssetImportParameters requested are different than current active one (requested -> active):
  custom:framework-win-MediaFoundation: 216162199b28c13a410421893ffa2e32 -> 
  custom:video-decoder-ogg-theora: a1e56fd34408186e4bbccfd4996cb3dc -> 
  custom:container-muxer-webm: aa71ff27fc2769a1b78a27578f13a17b -> 
  custom:container-demuxer-webm: 4f35f7cbe854078d1ac9338744f61a02 -> 
  custom:container-demuxer-ogg: 62fdf1f143b41e24485cea50d1cbac27 -> 
  custom:video-encoder-webm-vp8: eb34c28f22e8b96e1ab97ce403110664 -> 
  custom:video-codec-MediaFoundation-h265: 746d11721c4dcdbdad8f713fa42b33f4 -> 
  custom:video-decoder-webm-vp8: 9c59270c3fd7afecdb556c50c9e8de78 -> 
  custom:audio-decoder-ogg-vorbis: bf7c407c2cedff20999df2af8eb42d56 -> 
  custom:audio-encoder-webm-vorbis: bf7c407c2cedff20999df2af8eb42d56 -> 
========================================================================
Received Import Request.
  Time since last request: 168.361343 seconds.
  path: Assets/Art/Tiles/FloorBricksToGrassSquare.png
  artifactKey: Guid(6d9e0d91497b73b40ade6e74f0950668) Importer(815301076,1909f56bfc062723c751e8b465ee728b)
Start importing Assets/Art/Tiles/FloorBricksToGrassSquare.png using Guid(6d9e0d91497b73b40ade6e74f0950668) Importer(815301076,1909f56bfc062723c751e8b465ee728b)  -> (artifact id: '777746551b50ed6b0ce244cfe40ec86f') in 0.032911 seconds 
========================================================================
Received Import Request.
  Time since last request: 15.018290 seconds.
  path: Assets/Art/Tiles/FloorBricksToGrassSquare.png
  artifactKey: Guid(6d9e0d91497b73b40ade6e74f0950668) Importer(815301076,1909f56bfc062723c751e8b465ee728b)
Start importing Assets/Art/Tiles/FloorBricksToGrassSquare.png using Guid(6d9e0d91497b73b40ade6e74f0950668) Importer(815301076,1909f56bfc062723c751e8b465ee728b)  -> (artifact id: 'a7d14967a6b1d61ffb03d58a12ef4558') in 0.056745 seconds 
========================================================================
Received Import Request.
  Time since last request: 279.950833 seconds.
  path: Assets/Art/Sprites/VFX/Shadow.png
  artifactKey: Guid(2473a1005c3459b479fdb52a47447363) Importer(815301076,1909f56bfc062723c751e8b465ee728b)
Start importing Assets/Art/Sprites/VFX/Shadow.png using Guid(2473a1005c3459b479fdb52a47447363) Importer(815301076,1909f56bfc062723c751e8b465ee728b)  -> (artifact id: '76b47f9764949d0ada21dfa4768f782c') in 0.014849 seconds 
========================================================================
Received Import Request.
  Time since last request: 0.000389 seconds.
  path: Assets/Art/Sprites/UI/UIDialogueBox.png
  artifactKey: Guid(ce5afa1fa1b1e684098419a8455659b0) Importer(815301076,1909f56bfc062723c751e8b465ee728b)
Start importing Assets/Art/Sprites/UI/UIDialogueBox.png using Guid(ce5afa1fa1b1e684098419a8455659b0) Importer(815301076,1909f56bfc062723c751e8b465ee728b)  -> (artifact id: '81c8e09007ce31c6aff470bc01fe62e7') in 0.019340 seconds 
========================================================================
Received Import Request.
  Time since last request: 0.000305 seconds.
  path: Assets/Art/Sprites/UI/UIBulletIcon.png
  artifactKey: Guid(ca4761f4dd286db43a54d88ad0eb63ba) Importer(815301076,1909f56bfc062723c751e8b465ee728b)
Start importing Assets/Art/Sprites/UI/UIBulletIcon.png using Guid(ca4761f4dd286db43a54d88ad0eb63ba) Importer(815301076,1909f56bfc062723c751e8b465ee728b)  -> (artifact id: '0ad735aff5010b4b1ec57feb776d53d4') in 0.019082 seconds 
========================================================================
Received Import Request.
  Time since last request: 0.768928 seconds.
  path: Assets/Art/Sprites/UI/UIHealthBar.png
  artifactKey: Guid(06131b9172a2c144fbb98dd9cb53e741) Importer(815301076,1909f56bfc062723c751e8b465ee728b)
Start importing Assets/Art/Sprites/UI/UIHealthBar.png using Guid(06131b9172a2c144fbb98dd9cb53e741) Importer(815301076,1909f56bfc062723c751e8b465ee728b)  -> (artifact id: '79d402e89311d4b4e753c3598449acb5') in 0.014710 seconds 
========================================================================
Received Import Request.
  Time since last request: 0.000266 seconds.
  path: Assets/Art/Sprites/UI/UIHealthFrame.png
  artifactKey: Guid(94d1f28a5aa0ed94b8d3bd15086f4b63) Importer(815301076,1909f56bfc062723c751e8b465ee728b)
Start importing Assets/Art/Sprites/UI/UIHealthFrame.png using Guid(94d1f28a5aa0ed94b8d3bd15086f4b63) Importer(815301076,1909f56bfc062723c751e8b465ee728b)  -> (artifact id: '0a23c392617f453447ec8844c331c2f2') in 0.024104 seconds 
========================================================================
Received Import Request.
  Time since last request: 154.226228 seconds.
  path: Assets/Art/Sprites/Environmnent/New Palette.prefab
  artifactKey: Guid(465c69eeb9159df4ab7024e5397fa657) Importer(815301076,1909f56bfc062723c751e8b465ee728b)
Start importing Assets/Art/Sprites/Environmnent/New Palette.prefab using Guid(465c69eeb9159df4ab7024e5397fa657) Importer(815301076,1909f56bfc062723c751e8b465ee728b)  -> (artifact id: 'dd99a09298d538dae7d3aed0e680c784') in 0.030461 seconds 
========================================================================
Received Prepare
Registering precompiled user dll's ...
Registered in 0.005258 seconds.
Begin MonoManager ReloadAssembly
Native extension for WindowsStandalone target not found
Refreshing native plugins compatible for Editor in 0.56 ms, found 3 plugins.
Preloading 0 native plugins for Editor in 0.00 ms.
Mono: successfully reloaded assembly
- Completed reload, in  0.909 seconds
Domain Reload Profiling:
	ReloadAssembly (910ms)
		BeginReloadAssembly (123ms)
			ExecutionOrderSort (0ms)
			DisableScriptedObjects (5ms)
			BackupInstance (0ms)
			ReleaseScriptingObjects (0ms)
			CreateAndSetChildDomain (33ms)
		EndReloadAssembly (723ms)
			LoadAssemblies (108ms)
			RebuildTransferFunctionScriptingTraits (0ms)
			SetupTypeCache (244ms)
			ReleaseScriptCaches (1ms)
			RebuildScriptCaches (39ms)
			SetupLoadedEditorAssemblies (269ms)
				LogAssemblyErrors (0ms)
				InitializePlatformSupportModulesInManaged (4ms)
				SetLoadedEditorAssemblies (0ms)
				RefreshPlugins (1ms)
				BeforeProcessingInitializeOnLoad (61ms)
				ProcessInitializeOnLoadAttributes (179ms)
				ProcessInitializeOnLoadMethodAttributes (15ms)
				AfterProcessingInitializeOnLoad (10ms)
				EditorAssembliesLoaded (0ms)
			ExecutionOrderSort2 (0ms)
			AwakeInstancesAfterBackupRestoration (4ms)
Platform modules already initialized, skipping
Refreshing native plugins compatible for Editor in 0.50 ms, found 3 plugins.
Preloading 0 native plugins for Editor in 0.00 ms.
Unloading 2219 Unused Serialized files (Serialized files now loaded: 0)
System memory in use before: 100.6 MB.
System memory in use after: 100.6 MB.

Unloading 20 unused Assets to reduce memory usage. Loaded Objects now: 2687.
Total: 3.344200 ms (FindLiveObjects: 0.200700 ms CreateObjectMapping: 0.070800 ms MarkObjects: 2.940400 ms  DeleteObjects: 0.131300 ms)

AssetImportParameters requested are different than current active one (requested -> active):
  custom:framework-win-MediaFoundation: 216162199b28c13a410421893ffa2e32 -> 
  custom:video-decoder-ogg-theora: a1e56fd34408186e4bbccfd4996cb3dc -> 
  custom:container-muxer-webm: aa71ff27fc2769a1b78a27578f13a17b -> 
  custom:container-demuxer-webm: 4f35f7cbe854078d1ac9338744f61a02 -> 
  custom:container-demuxer-ogg: 62fdf1f143b41e24485cea50d1cbac27 -> 
  custom:video-encoder-webm-vp8: eb34c28f22e8b96e1ab97ce403110664 -> 
  custom:video-codec-MediaFoundation-h265: 746d11721c4dcdbdad8f713fa42b33f4 -> 
  custom:video-decoder-webm-vp8: 9c59270c3fd7afecdb556c50c9e8de78 -> 
  custom:audio-decoder-ogg-vorbis: bf7c407c2cedff20999df2af8eb42d56 -> 
  custom:audio-encoder-webm-vorbis: bf7c407c2cedff20999df2af8eb42d56 -> 
========================================================================
Received Import Request.
  Time since last request: 15.290640 seconds.
  path: Assets/Art/Sprites/Environmnent/FloorWaterRoundCorners.asset
  artifactKey: Guid(dd44e3b7d431a3145a34f4879d543661) Importer(815301076,1909f56bfc062723c751e8b465ee728b)
Start importing Assets/Art/Sprites/Environmnent/FloorWaterRoundCorners.asset using Guid(dd44e3b7d431a3145a34f4879d543661) Importer(815301076,1909f56bfc062723c751e8b465ee728b)  -> (artifact id: '2b3aa9a9d61d2d99e44718c0cb3fd5e4') in 0.043999 seconds 
========================================================================
Received Import Request.
  Time since last request: 0.000448 seconds.
  path: Assets/Art/Sprites/Environmnent/New Palette.prefab
  artifactKey: Guid(465c69eeb9159df4ab7024e5397fa657) Importer(815301076,1909f56bfc062723c751e8b465ee728b)
Start importing Assets/Art/Sprites/Environmnent/New Palette.prefab using Guid(465c69eeb9159df4ab7024e5397fa657) Importer(815301076,1909f56bfc062723c751e8b465ee728b)  -> (artifact id: '18c5dc2b88f8fb49249b9b57349cdaa5') in 0.034686 seconds 
========================================================================
Received Import Request.
  Time since last request: 21.857524 seconds.
  path: Assets/Art/Sprites/Environmnent/New Palette.prefab
  artifactKey: Guid(465c69eeb9159df4ab7024e5397fa657) Importer(815301076,1909f56bfc062723c751e8b465ee728b)
Start importing Assets/Art/Sprites/Environmnent/New Palette.prefab using Guid(465c69eeb9159df4ab7024e5397fa657) Importer(815301076,1909f56bfc062723c751e8b465ee728b)  -> (artifact id: '5eba407e06ae36a2149796044cb9d796') in 0.019880 seconds 
========================================================================
Received Import Request.
  Time since last request: 11.580525 seconds.
  path: Assets/Art/Sprites/Environmnent/New Palette.prefab
  artifactKey: Guid(465c69eeb9159df4ab7024e5397fa657) Importer(815301076,1909f56bfc062723c751e8b465ee728b)
Start importing Assets/Art/Sprites/Environmnent/New Palette.prefab using Guid(465c69eeb9159df4ab7024e5397fa657) Importer(815301076,1909f56bfc062723c751e8b465ee728b)  -> (artifact id: '275f3071d64433a422e913478e49cb4c') in 0.016377 seconds 
========================================================================
Received Import Request.
  Time since last request: 70.065816 seconds.
  path: Assets/Art/Sprites/Environmnent/FloorBricksToGrassCorner.asset
  artifactKey: Guid(e0710aed6c836444b88a71b0bb88b2d3) Importer(815301076,1909f56bfc062723c751e8b465ee728b)
Start importing Assets/Art/Sprites/Environmnent/FloorBricksToGrassCorner.asset using Guid(e0710aed6c836444b88a71b0bb88b2d3) Importer(815301076,1909f56bfc062723c751e8b465ee728b)  -> (artifact id: 'c069a6e77ee58f0fffae2a2312970d35') in 0.012199 seconds 
========================================================================
Received Import Request.
  Time since last request: 0.000460 seconds.
  path: Assets/Art/Sprites/Environmnent/New Palette.prefab
  artifactKey: Guid(465c69eeb9159df4ab7024e5397fa657) Importer(815301076,1909f56bfc062723c751e8b465ee728b)
Start importing Assets/Art/Sprites/Environmnent/New Palette.prefab using Guid(465c69eeb9159df4ab7024e5397fa657) Importer(815301076,1909f56bfc062723c751e8b465ee728b)  -> (artifact id: '98969ab119ba21e1e14fcc6d12f137b4') in 0.021043 seconds 
========================================================================
Received Import Request.
  Time since last request: 26.879356 seconds.
  path: Assets/Art/Sprites/Environmnent/FloorGrassToBricksCorner.png
  artifactKey: Guid(df0b6f9e93b65bc4792e6cf7849c5e37) Importer(815301076,1909f56bfc062723c751e8b465ee728b)
Start importing Assets/Art/Sprites/Environmnent/FloorGrassToBricksCorner.png using Guid(df0b6f9e93b65bc4792e6cf7849c5e37) Importer(815301076,1909f56bfc062723c751e8b465ee728b)  -> (artifact id: '4483c7114f58c7fc09fab0de628d7e2d') in 0.024813 seconds 
========================================================================
Received Import Request.
  Time since last request: 124.499161 seconds.
  path: Assets/Art/Sprites/Environmnent/FloorBricksToGrassSquare.png
  artifactKey: Guid(f44950bd96296c549bd37c31595f2aae) Importer(815301076,1909f56bfc062723c751e8b465ee728b)
Start importing Assets/Art/Sprites/Environmnent/FloorBricksToGrassSquare.png using Guid(f44950bd96296c549bd37c31595f2aae) Importer(815301076,1909f56bfc062723c751e8b465ee728b)  -> (artifact id: '567b6ed0b472fdab7d86c36925a70c88') in 0.009666 seconds 
========================================================================
Received Import Request.
  Time since last request: 18.520260 seconds.
  path: Assets/Art/Sprites/Environmnent/FloorBricksToGrassSquare.png
  artifactKey: Guid(f44950bd96296c549bd37c31595f2aae) Importer(815301076,1909f56bfc062723c751e8b465ee728b)
Start importing Assets/Art/Sprites/Environmnent/FloorBricksToGrassSquare.png using Guid(f44950bd96296c549bd37c31595f2aae) Importer(815301076,1909f56bfc062723c751e8b465ee728b)  -> (artifact id: '6b7cdcc575229561bfee86dde94435c9') in 0.036450 seconds 
========================================================================
Received Import Request.
  Time since last request: 6.926727 seconds.
  path: Assets/Art/Sprites/Environmnent/New Palette.prefab
  artifactKey: Guid(465c69eeb9159df4ab7024e5397fa657) Importer(815301076,1909f56bfc062723c751e8b465ee728b)
Start importing Assets/Art/Sprites/Environmnent/New Palette.prefab using Guid(465c69eeb9159df4ab7024e5397fa657) Importer(815301076,1909f56bfc062723c751e8b465ee728b)  -> (artifact id: 'ed64584bffd6217f8f4c5718590007b4') in 0.020275 seconds 
========================================================================
Received Import Request.
  Time since last request: 18.673296 seconds.
  path: Assets/Art/Sprites/Environmnent/FloorBricksToGrassSquare_0.asset
  artifactKey: Guid(4d75c027e834ffd4894f40efb12aae9f) Importer(815301076,1909f56bfc062723c751e8b465ee728b)
Start importing Assets/Art/Sprites/Environmnent/FloorBricksToGrassSquare_0.asset using Guid(4d75c027e834ffd4894f40efb12aae9f) Importer(815301076,1909f56bfc062723c751e8b465ee728b)  -> (artifact id: '21af90b072ba470bd53f5628bc12f5e3') in 0.011123 seconds 
========================================================================
Received Import Request.
  Time since last request: 0.000286 seconds.
  path: Assets/Art/Sprites/Environmnent/FloorBricksToGrassSquare_2.asset
  artifactKey: Guid(9f4ff29dc6b7a014f8b7a4e180b354fa) Importer(815301076,1909f56bfc062723c751e8b465ee728b)
Start importing Assets/Art/Sprites/Environmnent/FloorBricksToGrassSquare_2.asset using Guid(9f4ff29dc6b7a014f8b7a4e180b354fa) Importer(815301076,1909f56bfc062723c751e8b465ee728b)  -> (artifact id: 'ecfb66062c467a089fb25a454ef76700') in 0.012214 seconds 
========================================================================
Received Import Request.
  Time since last request: 0.000487 seconds.
  path: Assets/Art/Sprites/Environmnent/FloorBricksToGrassSquare_8.asset
  artifactKey: Guid(9a747cc2b7fa9db4aa36a6e39cad06cd) Importer(815301076,1909f56bfc062723c751e8b465ee728b)
Start importing Assets/Art/Sprites/Environmnent/FloorBricksToGrassSquare_8.asset using Guid(9a747cc2b7fa9db4aa36a6e39cad06cd) Importer(815301076,1909f56bfc062723c751e8b465ee728b)  -> (artifact id: '4e5c9500693742f2485139d58f315232') in 0.012248 seconds 
========================================================================
Received Import Request.
  Time since last request: 0.000235 seconds.
  path: Assets/Art/Sprites/Environmnent/FloorBricksToGrassSquare_4.asset
  artifactKey: Guid(6a7811098245faa4e80568f24363ffe5) Importer(815301076,1909f56bfc062723c751e8b465ee728b)
Start importing Assets/Art/Sprites/Environmnent/FloorBricksToGrassSquare_4.asset using Guid(6a7811098245faa4e80568f24363ffe5) Importer(815301076,1909f56bfc062723c751e8b465ee728b)  -> (artifact id: '6fe0d63fac4068b3af03c115539f3578') in 0.011546 seconds 
========================================================================
Received Import Request.
  Time since last request: 0.000354 seconds.
  path: Assets/Art/Sprites/Environmnent/FloorBricksToGrassSquare_6.asset
  artifactKey: Guid(a5b237e3dfde6a242a2749aecdb645e2) Importer(815301076,1909f56bfc062723c751e8b465ee728b)
Start importing Assets/Art/Sprites/Environmnent/FloorBricksToGrassSquare_6.asset using Guid(a5b237e3dfde6a242a2749aecdb645e2) Importer(815301076,1909f56bfc062723c751e8b465ee728b)  -> (artifact id: 'ebef15d550ca87b50d69f64152dbaa16') in 0.009734 seconds 
========================================================================
Received Import Request.
  Time since last request: 0.000285 seconds.
  path: Assets/Art/Sprites/Environmnent/FloorBricksToGrassSquare_1.asset
  artifactKey: Guid(b83608635604b51458d4249b94d19d40) Importer(815301076,1909f56bfc062723c751e8b465ee728b)
Start importing Assets/Art/Sprites/Environmnent/FloorBricksToGrassSquare_1.asset using Guid(b83608635604b51458d4249b94d19d40) Importer(815301076,1909f56bfc062723c751e8b465ee728b)  -> (artifact id: '306f4412275be0737aca6237e0614f0f') in 0.013315 seconds 
========================================================================
Received Import Request.
  Time since last request: 0.000295 seconds.
  path: Assets/Art/Sprites/Environmnent/FloorBricksToGrassSquare_3.asset
  artifactKey: Guid(13b171d583427af43add04d38e1a9237) Importer(815301076,1909f56bfc062723c751e8b465ee728b)
Start importing Assets/Art/Sprites/Environmnent/FloorBricksToGrassSquare_3.asset using Guid(13b171d583427af43add04d38e1a9237) Importer(815301076,1909f56bfc062723c751e8b465ee728b)  -> (artifact id: '31b2647747108535c339d027f053330c') in 0.012036 seconds 
========================================================================
Received Import Request.
  Time since last request: 0.000267 seconds.
  path: Assets/Art/Sprites/Environmnent/FloorBricksToGrassSquare_5.asset
  artifactKey: Guid(468c383f4eced8249b1c667c710fb574) Importer(815301076,1909f56bfc062723c751e8b465ee728b)
Start importing Assets/Art/Sprites/Environmnent/FloorBricksToGrassSquare_5.asset using Guid(468c383f4eced8249b1c667c710fb574) Importer(815301076,1909f56bfc062723c751e8b465ee728b)  -> (artifact id: '6dd6ba5ad41bf60e45702f6dcaff39e5') in 0.010732 seconds 
========================================================================
Received Import Request.
  Time since last request: 0.000533 seconds.
  path: Assets/Art/Sprites/Environmnent/FloorBricksToGrassSquare_7.asset
  artifactKey: Guid(55f81915499afbc40be99388bf31fe03) Importer(815301076,1909f56bfc062723c751e8b465ee728b)
Start importing Assets/Art/Sprites/Environmnent/FloorBricksToGrassSquare_7.asset using Guid(55f81915499afbc40be99388bf31fe03) Importer(815301076,1909f56bfc062723c751e8b465ee728b)  -> (artifact id: 'dd37689a68212f4cca374363db2c2ae3') in 0.010328 seconds 
========================================================================
Received Import Request.
  Time since last request: 0.000333 seconds.
  path: Assets/Art/Sprites/Environmnent/New Palette.prefab
  artifactKey: Guid(465c69eeb9159df4ab7024e5397fa657) Importer(815301076,1909f56bfc062723c751e8b465ee728b)
Start importing Assets/Art/Sprites/Environmnent/New Palette.prefab using Guid(465c69eeb9159df4ab7024e5397fa657) Importer(815301076,1909f56bfc062723c751e8b465ee728b)  -> (artifact id: '94854ba7804743c0a7b0f4cd350edfe0') in 0.023264 seconds 
========================================================================
Received Import Request.
  Time since last request: 64.121111 seconds.
  path: Assets/Art/Sprites/Environmnent/FloorWaterRoundCorners.asset
  artifactKey: Guid(dd44e3b7d431a3145a34f4879d543661) Importer(815301076,1909f56bfc062723c751e8b465ee728b)
Start importing Assets/Art/Sprites/Environmnent/FloorWaterRoundCorners.asset using Guid(dd44e3b7d431a3145a34f4879d543661) Importer(815301076,1909f56bfc062723c751e8b465ee728b)  -> (artifact id: '3d257cf18e40994323188d1938da2305') in 0.010248 seconds 
========================================================================
Received Import Request.
  Time since last request: 0.000279 seconds.
  path: Assets/Art/Sprites/Environmnent/FloorWaterRoundCorners.png
  artifactKey: Guid(957383e82ad8601499ca4cac1dd1214a) Importer(815301076,1909f56bfc062723c751e8b465ee728b)
Start importing Assets/Art/Sprites/Environmnent/FloorWaterRoundCorners.png using Guid(957383e82ad8601499ca4cac1dd1214a) Importer(815301076,1909f56bfc062723c751e8b465ee728b)  -> (artifact id: '7d8ef87dfe65fca8afb1528cd03cc608') in 0.018139 seconds 
========================================================================
Received Import Request.
  Time since last request: 0.000376 seconds.
  path: Assets/Art/Sprites/Environmnent/New Palette.prefab
  artifactKey: Guid(465c69eeb9159df4ab7024e5397fa657) Importer(815301076,1909f56bfc062723c751e8b465ee728b)
Start importing Assets/Art/Sprites/Environmnent/New Palette.prefab using Guid(465c69eeb9159df4ab7024e5397fa657) Importer(815301076,1909f56bfc062723c751e8b465ee728b)  -> (artifact id: '721dde6b83ba08bca18c909d59275356') in 0.026168 seconds 
========================================================================
Received Import Request.
  Time since last request: 30.321820 seconds.
  path: Assets/Art/Sprites/Environmnent/New Palette.prefab
  artifactKey: Guid(465c69eeb9159df4ab7024e5397fa657) Importer(815301076,1909f56bfc062723c751e8b465ee728b)
Start importing Assets/Art/Sprites/Environmnent/New Palette.prefab using Guid(465c69eeb9159df4ab7024e5397fa657) Importer(815301076,1909f56bfc062723c751e8b465ee728b)  -> (artifact id: 'b04eab5fd1170f5e70edcb2c02c5ab4d') in 0.027503 seconds 
========================================================================
Received Import Request.
  Time since last request: 6.417933 seconds.
  path: Assets/Art/Sprites/Environmnent/New Palette.prefab
  artifactKey: Guid(465c69eeb9159df4ab7024e5397fa657) Importer(815301076,1909f56bfc062723c751e8b465ee728b)
Start importing Assets/Art/Sprites/Environmnent/New Palette.prefab using Guid(465c69eeb9159df4ab7024e5397fa657) Importer(815301076,1909f56bfc062723c751e8b465ee728b)  -> (artifact id: '05090f4dfca93c2635504088ad6b20d9') in 0.025837 seconds 
========================================================================
Received Prepare
Registering precompiled user dll's ...
Registered in 0.005259 seconds.
Begin MonoManager ReloadAssembly
Native extension for WindowsStandalone target not found
Refreshing native plugins compatible for Editor in 0.54 ms, found 3 plugins.
Preloading 0 native plugins for Editor in 0.00 ms.
Mono: successfully reloaded assembly
- Completed reload, in  0.894 seconds
Domain Reload Profiling:
	ReloadAssembly (895ms)
		BeginReloadAssembly (116ms)
			ExecutionOrderSort (0ms)
			DisableScriptedObjects (5ms)
			BackupInstance (0ms)
			ReleaseScriptingObjects (0ms)
			CreateAndSetChildDomain (33ms)
		EndReloadAssembly (719ms)
			LoadAssemblies (108ms)
			RebuildTransferFunctionScriptingTraits (0ms)
			SetupTypeCache (242ms)
			ReleaseScriptCaches (1ms)
			RebuildScriptCaches (40ms)
			SetupLoadedEditorAssemblies (263ms)
				LogAssemblyErrors (0ms)
				InitializePlatformSupportModulesInManaged (4ms)
				SetLoadedEditorAssemblies (0ms)
				RefreshPlugins (1ms)
				BeforeProcessingInitializeOnLoad (58ms)
				ProcessInitializeOnLoadAttributes (176ms)
				ProcessInitializeOnLoadMethodAttributes (15ms)
				AfterProcessingInitializeOnLoad (9ms)
				EditorAssembliesLoaded (0ms)
			ExecutionOrderSort2 (0ms)
			AwakeInstancesAfterBackupRestoration (4ms)
Platform modules already initialized, skipping
Refreshing native plugins compatible for Editor in 0.52 ms, found 3 plugins.
Preloading 0 native plugins for Editor in 0.00 ms.
Unloading 2219 Unused Serialized files (Serialized files now loaded: 0)
System memory in use before: 100.7 MB.
System memory in use after: 100.6 MB.

Unloading 20 unused Assets to reduce memory usage. Loaded Objects now: 2692.
Total: 3.218400 ms (FindLiveObjects: 0.227900 ms CreateObjectMapping: 0.073200 ms MarkObjects: 2.786600 ms  DeleteObjects: 0.129200 ms)

AssetImportParameters requested are different than current active one (requested -> active):
  custom:framework-win-MediaFoundation: 216162199b28c13a410421893ffa2e32 -> 
  custom:video-decoder-ogg-theora: a1e56fd34408186e4bbccfd4996cb3dc -> 
  custom:container-muxer-webm: aa71ff27fc2769a1b78a27578f13a17b -> 
  custom:container-demuxer-webm: 4f35f7cbe854078d1ac9338744f61a02 -> 
  custom:container-demuxer-ogg: 62fdf1f143b41e24485cea50d1cbac27 -> 
  custom:video-encoder-webm-vp8: eb34c28f22e8b96e1ab97ce403110664 -> 
  custom:video-codec-MediaFoundation-h265: 746d11721c4dcdbdad8f713fa42b33f4 -> 
  custom:video-decoder-webm-vp8: 9c59270c3fd7afecdb556c50c9e8de78 -> 
  custom:audio-decoder-ogg-vorbis: bf7c407c2cedff20999df2af8eb42d56 -> 
  custom:audio-encoder-webm-vorbis: bf7c407c2cedff20999df2af8eb42d56 -> 
========================================================================
Received Import Request.
  Time since last request: 220.567827 seconds.
  path: Assets/Art/Sprites/VFX/ParticleSpriteAtlas.png
  artifactKey: Guid(bb5bb2f184426a64cac53faa220820f5) Importer(815301076,1909f56bfc062723c751e8b465ee728b)
Start importing Assets/Art/Sprites/VFX/ParticleSpriteAtlas.png using Guid(bb5bb2f184426a64cac53faa220820f5) Importer(815301076,1909f56bfc062723c751e8b465ee728b)  -> (artifact id: '5be99ca9e1d26b44944404f6b8232c65') in 0.051421 seconds 
AssetImportWorkerClient::OnTransportError - code=2 error=End of file
